#
# A fatal error has been detected by the Java Runtime Environment:
#
#  EXCEPTION_ACCESS_VIOLATION (0xc0000005) at pc=0x000000006b875212, pid=3268, tid=0x0000000000002588
#
# JRE version: Java(TM) SE Runtime Environment (8.0_111-b14) (build 1.8.0_111-b14)
# Java VM: Java HotSpot(TM) 64-Bit Server VM (25.111-b14 mixed mode windows-amd64 compressed oops)
# Problematic frame:
# V  [jvm.dll+0x145212]
#
# Failed to write core dump. Minidumps are not enabled by default on client versions of Windows
#
# If you would like to submit a bug report, please visit:
#   http://bugreport.java.com/bugreport/crash.jsp
#

---------------  T H R E A D  ---------------

Current thread (0x00000000025f0800):  JavaThread "main" [_thread_in_vm, id=9608, stack(0x00000000024f0000,0x00000000025f0000)]

siginfo: ExceptionCode=0xc0000005, reading address 0x0000000000000004

Registers:
RAX=0x0000000000000000, RBX=0x00000000025f0800, RCX=0x0000000000000080, RDX=0x0000000000000004
RSP=0x00000000025ef6b0, RBP=0x0000000000000000, RSI=0x0000000000000000, RDI=0x0000000000000004
R8 =0x0000000000000000, R9 =0x0000000002467720, R10=0x0000000002707f48, R11=0x000000006b95b580
R12=0x0000000000000000, R13=0x0000000016c9f188, R14=0x00000000025ef7d8, R15=0x00000000025f0800
RIP=0x000000006b875212, EFLAGS=0x0000000000010202

Top of Stack: (sp=0x00000000025ef6b0)
0x00000000025ef6b0:   00000000025f0800 0000000002467720
0x00000000025ef6c0:   0000000016c9f188 00000000025ef7d8
0x00000000025ef6d0:   00000000025f0800 0000000000000000
0x00000000025ef6e0:   00000000025efaa8 000000006b85c974
0x00000000025ef6f0:   00000000025f0800 00000000025f0800
0x00000000025ef700:   0000000016c9f188 00000000025f0800
0x00000000025ef710:   0000000016c9f188 00000000025f0800
0x00000000025ef720:   00000000025f09f8 00007ffb8782bb2c
0x00000000025ef730:   0000000000000004 0000000002467720
0x00000000025ef740:   0000000016c9f188 0000000016c9f188
0x00000000025ef750:   00000000ffffffff 0000000002707f74
0x00000000025ef760:   0000000016c9f188 00000000025ef7c0
0x00000000025ef770:   00000000025f0800 0000000002707ca2
0x00000000025ef780:   00000000025ef780 0000000016c9f188
0x00000000025ef790:   00000000025ef7d8 0000000016c9fd38
0x00000000025ef7a0:   0000000000000000 0000000016c9f188 

Instructions: (pc=0x000000006b875212)
0x000000006b8751f2:   89 5c 24 20 48 89 74 24 28 48 39 73 08 74 0a 48
0x000000006b875202:   8d 4c 24 20 e8 c5 64 13 00 40 38 35 4e 61 6c 00
0x000000006b875212:   48 8b 3f 48 63 05 30 c1 6a 00 74 1b 8b 0c 38 85
0x000000006b875222:   c9 74 7c 8b c1 8b 0d 6b 95 65 00 48 d3 e0 48 03 


Register to memory mapping:

RAX=0x0000000000000000 is an unknown value
RBX=0x00000000025f0800 is a thread
RCX=0x0000000000000080 is an unknown value
RDX=0x0000000000000004 is an unknown value
RSP=0x00000000025ef6b0 is pointing into the stack for thread: 0x00000000025f0800
RBP=0x0000000000000000 is an unknown value
RSI=0x0000000000000000 is an unknown value
RDI=0x0000000000000004 is an unknown value
R8 =0x0000000000000000 is an unknown value
R9 =0x0000000002467720 is an unknown value
R10=0x0000000002707f48 is at code_begin+840 in an Interpreter codelet
method entry point (kind = native)  [0x0000000002707c00, 0x0000000002708560]  2400 bytes
R11=0x000000006b95b580 is an unknown value
R12=0x0000000000000000 is an unknown value
R13={method} {0x0000000016c9f190} 'startClient' '()V' in 'edu/wpi/first/wpilibj/networktables/NetworkTablesJNI'
R14=0x00000000025ef7d8 is pointing into the stack for thread: 0x00000000025f0800
R15=0x00000000025f0800 is a thread


Stack: [0x00000000024f0000,0x00000000025f0000],  sp=0x00000000025ef6b0,  free space=1021k
Native frames: (J=compiled Java code, j=interpreted, Vv=VM code, C=native code)

Java frames: (J=compiled Java code, j=interpreted, Vv=VM code)
j  edu.wpi.first.wpilibj.networktables.NetworkTablesJNI.startClient()V+0
j  edu.wpi.first.wpilibj.networktables.NetworkTable.initialize()V+15
j  application.Run.main([Ljava/lang/String;)V+3
v  ~StubRoutines::call_stub

---------------  P R O C E S S  ---------------

Java Threads: ( => current thread )
  0x000000001727e800 JavaThread "Service Thread" daemon [_thread_blocked, id=2464, stack(0x0000000018f80000,0x0000000019080000)]
  0x0000000017232000 JavaThread "C1 CompilerThread2" daemon [_thread_blocked, id=3944, stack(0x0000000018a80000,0x0000000018b80000)]
  0x0000000017227000 JavaThread "C2 CompilerThread1" daemon [_thread_blocked, id=10508, stack(0x0000000018980000,0x0000000018a80000)]
  0x000000001721c800 JavaThread "C2 CompilerThread0" daemon [_thread_blocked, id=4740, stack(0x0000000018880000,0x0000000018980000)]
  0x000000001721a800 JavaThread "Attach Listener" daemon [_thread_blocked, id=4440, stack(0x0000000018780000,0x0000000018880000)]
  0x0000000017226000 JavaThread "Signal Dispatcher" daemon [_thread_blocked, id=1752, stack(0x0000000018680000,0x0000000018780000)]
  0x000000001720a800 JavaThread "Finalizer" daemon [_thread_blocked, id=10592, stack(0x0000000018490000,0x0000000018590000)]
  0x00000000026e2000 JavaThread "Reference Handler" daemon [_thread_blocked, id=10444, stack(0x0000000018390000,0x0000000018490000)]
=>0x00000000025f0800 JavaThread "main" [_thread_in_vm, id=9608, stack(0x00000000024f0000,0x00000000025f0000)]

Other Threads:
  0x00000000171e7800 VMThread [stack: 0x0000000018290000,0x0000000018390000] [id=5160]
  0x0000000018bba000 WatcherThread [stack: 0x0000000019080000,0x0000000019180000] [id=2344]

VM state:not at safepoint (normal execution)

VM Mutex/Monitor currently owned by a thread: None

Heap:
 PSYoungGen      total 38400K, used 3328K [0x00000000d5f00000, 0x00000000d8980000, 0x0000000100000000)
  eden space 33280K, 10% used [0x00000000d5f00000,0x00000000d6240020,0x00000000d7f80000)
  from space 5120K, 0% used [0x00000000d8480000,0x00000000d8480000,0x00000000d8980000)
  to   space 5120K, 0% used [0x00000000d7f80000,0x00000000d7f80000,0x00000000d8480000)
 ParOldGen       total 87552K, used 0K [0x0000000081c00000, 0x0000000087180000, 0x00000000d5f00000)
  object space 87552K, 0% used [0x0000000081c00000,0x0000000081c00000,0x0000000087180000)
 Metaspace       used 3877K, capacity 4736K, committed 4864K, reserved 1056768K
  class space    used 443K, capacity 496K, committed 512K, reserved 1048576K

Card table byte_map: [0x0000000011ab0000,0x0000000011eb0000] byte_map_base: 0x00000000116a2000

Marking Bits: (ParMarkBitMap*) 0x000000006bf4a6c0
 Begin Bits: [0x0000000012560000, 0x00000000144f0000)
 End Bits:   [0x00000000144f0000, 0x0000000016480000)

Polling page: 0x0000000000b40000

CodeCache: size=245760Kb used=1453Kb max_used=1453Kb free=244306Kb
 bounds [0x00000000026f0000, 0x0000000002960000, 0x00000000116f0000]
 total_blobs=459 nmethods=188 adapters=184
 compilation: enabled

Compilation events (10 events):
Event: 0.232 Thread 0x0000000017232000  182       3       java.io.FilterInputStream::read (11 bytes)
Event: 0.232 Thread 0x0000000017232000 nmethod 182 0x0000000002858550 code [0x00000000028586c0, 0x00000000028588e8]
Event: 0.324 Thread 0x0000000017232000  183   !   3       sun.misc.URLClassPath$JarLoader::getResource (85 bytes)
Event: 0.324 Thread 0x0000000017232000 nmethod 183 0x00000000028589d0 code [0x0000000002858c20, 0x00000000028599d8]
Event: 0.324 Thread 0x0000000017232000  184       3       sun.misc.MetaIndex::mayContain (51 bytes)
Event: 0.325 Thread 0x0000000017232000 nmethod 184 0x000000000285a510 code [0x000000000285a6c0, 0x000000000285ad38]
Event: 0.325 Thread 0x0000000017232000  186       3       java.util.concurrent.ConcurrentHashMap::setTabAt (19 bytes)
Event: 0.325 Thread 0x0000000017232000 nmethod 186 0x000000000285afd0 code [0x000000000285b120, 0x000000000285b290]
Event: 0.325 Thread 0x0000000017232000  185       3       java.lang.String::indexOf (7 bytes)
Event: 0.325 Thread 0x0000000017232000 nmethod 185 0x000000000285b690 code [0x000000000285b800, 0x000000000285ba88]

GC Heap History (0 events):
No events

Deoptimization events (0 events):
No events

Internal exceptions (6 events):
Event: 0.028 Thread 0x00000000025f0800 Exception <a 'java/lang/NoSuchMethodError': Method sun.misc.Unsafe.defineClass(Ljava/lang/String;[BII)Ljava/lang/Class; name or signature does not match> (0x00000000d5f07c78) thrown at [C:\re\workspace\8-2-build-windows-amd64-cygwin\jdk8u111\7883\hotspot\
Event: 0.028 Thread 0x00000000025f0800 Exception <a 'java/lang/NoSuchMethodError': Method sun.misc.Unsafe.prefetchRead(Ljava/lang/Object;J)V name or signature does not match> (0x00000000d5f07f60) thrown at [C:\re\workspace\8-2-build-windows-amd64-cygwin\jdk8u111\7883\hotspot\src\share\vm\prims
Event: 0.120 Thread 0x00000000025f0800 Exception <a 'java/security/PrivilegedActionException'> (0x00000000d60c6cc0) thrown at [C:\re\workspace\8-2-build-windows-amd64-cygwin\jdk8u111\7883\hotspot\src\share\vm\prims\jvm.cpp, line 1386]
Event: 0.120 Thread 0x00000000025f0800 Exception <a 'java/security/PrivilegedActionException'> (0x00000000d60c6ed0) thrown at [C:\re\workspace\8-2-build-windows-amd64-cygwin\jdk8u111\7883\hotspot\src\share\vm\prims\jvm.cpp, line 1386]
Event: 0.120 Thread 0x00000000025f0800 Exception <a 'java/security/PrivilegedActionException'> (0x00000000d60cab18) thrown at [C:\re\workspace\8-2-build-windows-amd64-cygwin\jdk8u111\7883\hotspot\src\share\vm\prims\jvm.cpp, line 1386]
Event: 0.120 Thread 0x00000000025f0800 Exception <a 'java/security/PrivilegedActionException'> (0x00000000d60cad28) thrown at [C:\re\workspace\8-2-build-windows-amd64-cygwin\jdk8u111\7883\hotspot\src\share\vm\prims\jvm.cpp, line 1386]

Events (10 events):
Event: 0.226 loading class java/lang/Shutdown$Lock
Event: 0.226 loading class java/lang/Shutdown$Lock done
Event: 0.323 loading class edu/wpi/first/wpilibj/networktables/ConnectionInfo
Event: 0.323 loading class edu/wpi/first/wpilibj/networktables/ConnectionInfo done
Event: 0.324 loading class edu/wpi/first/wpilibj/networktables/EntryInfo
Event: 0.324 loading class edu/wpi/first/wpilibj/networktables/EntryInfo done
Event: 0.324 loading class edu/wpi/first/wpilibj/networktables/NetworkTableKeyNotDefined
Event: 0.324 loading class edu/wpi/first/wpilibj/networktables/NetworkTableKeyNotDefined done
Event: 0.325 loading class edu/wpi/first/wpilibj/networktables/PersistentException
Event: 0.325 loading class edu/wpi/first/wpilibj/networktables/PersistentException done


Dynamic libraries:
0x00007ff737430000 - 0x00007ff737467000 	C:\Program Files\Java\jre1.8.0_111\bin\javaw.exe
0x00007ffba64f0000 - 0x00007ffba66c1000 	C:\WINDOWS\SYSTEM32\ntdll.dll
0x00007ffba3cb0000 - 0x00007ffba3d5b000 	C:\WINDOWS\System32\KERNEL32.DLL
0x00007ffba3790000 - 0x00007ffba39ad000 	C:\WINDOWS\System32\KERNELBASE.dll
0x00007ffba5eb0000 - 0x00007ffba5f52000 	C:\WINDOWS\System32\ADVAPI32.dll
0x00007ffba3a80000 - 0x00007ffba3b1e000 	C:\WINDOWS\System32\msvcrt.dll
0x00007ffba3b20000 - 0x00007ffba3b79000 	C:\WINDOWS\System32\sechost.dll
0x00007ffba3b80000 - 0x00007ffba3ca1000 	C:\WINDOWS\System32\RPCRT4.dll
0x00007ffba4180000 - 0x00007ffba42e5000 	C:\WINDOWS\System32\USER32.dll
0x00007ffba39b0000 - 0x00007ffba39ce000 	C:\WINDOWS\System32\win32u.dll
0x00007ffba5e60000 - 0x00007ffba5e94000 	C:\WINDOWS\System32\GDI32.dll
0x00007ffba32e0000 - 0x00007ffba3462000 	C:\WINDOWS\System32\gdi32full.dll
0x00007ffb99810000 - 0x00007ffb99a89000 	C:\WINDOWS\WinSxS\amd64_microsoft.windows.common-controls_6595b64144ccf1df_6.0.14393.447_none_42191651c6827bb3\COMCTL32.dll
0x00007ffba45c0000 - 0x00007ffba4888000 	C:\WINDOWS\System32\combase.dll
0x00007ffba3690000 - 0x00007ffba3785000 	C:\WINDOWS\System32\ucrtbase.dll
0x00007ffba2ae0000 - 0x00007ffba2b4a000 	C:\WINDOWS\System32\bcryptPrimitives.dll
0x00007ffba3dd0000 - 0x00007ffba3dfe000 	C:\WINDOWS\System32\IMM32.DLL
0x000000006b5e0000 - 0x000000006b6b2000 	C:\Program Files\Java\jre1.8.0_111\bin\msvcr100.dll
0x000000006b730000 - 0x000000006bfca000 	C:\Program Files\Java\jre1.8.0_111\bin\server\jvm.dll
0x00007ffba63f0000 - 0x00007ffba63f8000 	C:\WINDOWS\System32\PSAPI.DLL
0x00007ffb981b0000 - 0x00007ffb981b9000 	C:\WINDOWS\SYSTEM32\WSOCK32.dll
0x00007ffba0d60000 - 0x00007ffba0d83000 	C:\WINDOWS\SYSTEM32\WINMM.dll
0x00007ffb9be80000 - 0x00007ffb9be8a000 	C:\WINDOWS\SYSTEM32\VERSION.dll
0x00007ffba6460000 - 0x00007ffba64ca000 	C:\WINDOWS\System32\WS2_32.dll
0x0000000000b50000 - 0x0000000000b7b000 	C:\WINDOWS\SYSTEM32\WINMMBASE.dll
0x00007ffba3470000 - 0x00007ffba34b2000 	C:\WINDOWS\System32\cfgmgr32.dll
0x000000006caf0000 - 0x000000006caff000 	C:\Program Files\Java\jre1.8.0_111\bin\verify.dll
0x000000006cac0000 - 0x000000006cae9000 	C:\Program Files\Java\jre1.8.0_111\bin\java.dll
0x000000006caa0000 - 0x000000006cab6000 	C:\Program Files\Java\jre1.8.0_111\bin\zip.dll
0x00007ffba4890000 - 0x00007ffba5d99000 	C:\WINDOWS\System32\SHELL32.dll
0x00007ffba2b50000 - 0x00007ffba322a000 	C:\WINDOWS\System32\windows.storage.dll
0x00007ffba2970000 - 0x00007ffba29bc000 	C:\WINDOWS\System32\powrprof.dll
0x00007ffba6400000 - 0x00007ffba6452000 	C:\WINDOWS\System32\shlwapi.dll
0x00007ffba29c0000 - 0x00007ffba29cf000 	C:\WINDOWS\System32\kernel.appcore.dll
0x00007ffba3230000 - 0x00007ffba32d9000 	C:\WINDOWS\System32\shcore.dll
0x00007ffba2950000 - 0x00007ffba2964000 	C:\WINDOWS\System32\profapi.dll
0x00007ffba2420000 - 0x00007ffba2437000 	C:\WINDOWS\SYSTEM32\CRYPTSP.dll
0x00007ffba1e90000 - 0x00007ffba1ec3000 	C:\WINDOWS\system32\rsaenh.dll
0x00007ffba2530000 - 0x00007ffba255b000 	C:\WINDOWS\SYSTEM32\bcrypt.dll
0x00007ffba2100000 - 0x00007ffba211f000 	C:\WINDOWS\SYSTEM32\USERENV.dll
0x00007ffba2440000 - 0x00007ffba244b000 	C:\WINDOWS\SYSTEM32\CRYPTBASE.dll
0x000000006b710000 - 0x000000006b72a000 	C:\Program Files\Java\jre1.8.0_111\bin\net.dll
0x00007ffba2280000 - 0x00007ffba22dc000 	C:\WINDOWS\system32\mswsock.dll
0x00007ffba2010000 - 0x00007ffba2048000 	C:\WINDOWS\SYSTEM32\IPHLPAPI.DLL
0x00007ffba4450000 - 0x00007ffba4458000 	C:\WINDOWS\System32\NSI.dll
0x00007ffb9db30000 - 0x00007ffb9db46000 	C:\WINDOWS\SYSTEM32\dhcpcsvc6.DLL
0x00007ffb9ee60000 - 0x00007ffb9ee7a000 	C:\WINDOWS\SYSTEM32\dhcpcsvc.DLL
0x000000006b6f0000 - 0x000000006b701000 	C:\Program Files\Java\jre1.8.0_111\bin\nio.dll
0x00007ffb87810000 - 0x00007ffb878d0000 	C:\Users\Josh\AppData\Local\Temp\NetworkTablesJNI4620199578316127434.dll
0x00007ffb94690000 - 0x00007ffb94822000 	C:\WINDOWS\SYSTEM32\dbghelp.dll

VM Arguments:
jvm_args: -Djava.library.path=C:\Users\Josh\git\Simulation-Ohm\Simulation-Ohm\libs\lwjgl\lwjgl-2.9.3\native\windows -Dfile.encoding=Cp1252 
java_command: application.Run
java_class_path (initial): C:\Users\Josh\git\RobotStateDisplay\RobotDisplay\bin;C:\Users\Josh\wpilib\java\current\lib\NetworkTables.jar;C:\Users\Josh\wpilib\java\current\lib\WPILib.jar;C:\Users\Josh\wpilib\java\current\lib\cscore.jar;C:\Users\Josh\wpilib\java\current\lib\opencv.jar;C:\Users\Josh\git\RobotStateDisplay\RobotDisplay\libs\NetworkTables-3.0.0-20160125.000943-1-desktop.jar;C:\Users\Josh\git\Ohm\Ohm\bin;C:\Users\Josh\git\Ohm\Ohm\lib\navx_frc.jar;C:\Users\Josh\git\Ohm\Ohm\lib\TalonSRXLibJava.jar;C:\Users\Josh\git\Ohm\Ohm\lib\Pathfinder-Java.jar;C:\Users\Josh\wpilib\user\java\lib\TalonSRXLibJava.jar;C:\Users\Josh\git\RobotStateDisplay\RobotDisplay\libs\slick\lib\slick.jar;C:\Users\Josh\git\Simulation-Ohm\Simulation-Ohm\libs\slick\lib\lwjgl.jar;C:\Users\Josh\git\RobotStateDisplay\RobotDisplay\libs\Jinput\jinput.jar
Launcher Type: SUN_STANDARD

Environment Variables:
JAVA_HOME=C:\Program Files\Java\jdk1.8.0_111
PATH=C:/Program Files/Java/jre1.8.0_111/bin/server;C:/Program Files/Java/jre1.8.0_111/bin;C:/Program Files/Java/jre1.8.0_111/lib/amd64;C:\Program Files\Java\jdk1.8.0_111\bin;C:\ProgramData\Oracle\Java\javapath;C:\WINDOWS\system32;C:\WINDOWS;C:\WINDOWS\System32\Wbem;C:\WINDOWS\System32\WindowsPowerShell\v1.0\;C:\Program Files (x86)\Skype\Phone\;C:\Program Files\Git\cmd;C:\Program Files (x86)\NVIDIA Corporation\PhysX\Common;C:\Users\Josh\AppData\Local\Microsoft\WindowsApps;;C:\WINDOWS\system32;
USERNAME=Josh
OS=Windows_NT
PROCESSOR_IDENTIFIER=Intel64 Family 6 Model 60 Stepping 3, GenuineIntel



---------------  S Y S T E M  ---------------

OS: Windows 10.0 , 64 bit Build 14393 (10.0.14393.0)

CPU:total 4 (2 cores per cpu, 2 threads per core) family 6 model 60 stepping 3, cmov, cx8, fxsr, mmx, sse, sse2, sse3, ssse3, sse4.1, sse4.2, popcnt, avx, avx2, aes, clmul, erms, lzcnt, ht, tsc, tscinvbit, bmi1, bmi2

Memory: 4k page, physical 8270904k(3890080k free), swap 11592084k(4547960k free)

vm_info: Java HotSpot(TM) 64-Bit Server VM (25.111-b14) for windows-amd64 JRE (1.8.0_111-b14), built on Sep 22 2016 19:24:05 by "java_re" with MS VC++ 10.0 (VS2010)

time: Thu Feb 16 21:19:21 2017
elapsed time: 0 seconds (0d 0h 0m 0s)

