#
# A fatal error has been detected by the Java Runtime Environment:
#
#  EXCEPTION_ACCESS_VIOLATION (0xc0000005) at pc=0x000000006b875212, pid=7624, tid=0x00000000000029f0
#
# JRE version: Java(TM) SE Runtime Environment (8.0_111-b14) (build 1.8.0_111-b14)
# Java VM: Java HotSpot(TM) 64-Bit Server VM (25.111-b14 mixed mode windows-amd64 compressed oops)
# Problematic frame:
# V  [jvm.dll+0x145212]
#
# Failed to write core dump. Minidumps are not enabled by default on client versions of Windows
#
# If you would like to submit a bug report, please visit:
#   http://bugreport.java.com/bugreport/crash.jsp
#

---------------  T H R E A D  ---------------

Current thread (0x00000000022c0800):  JavaThread "main" [_thread_in_vm, id=10736, stack(0x00000000020c0000,0x00000000021c0000)]

siginfo: ExceptionCode=0xc0000005, reading address 0x0000000000000004

Registers:
RAX=0x0000000000000000, RBX=0x00000000022c0800, RCX=0x0000000000000080, RDX=0x0000000000000004
RSP=0x00000000021bf5d0, RBP=0x0000000000000000, RSI=0x0000000000000000, RDI=0x0000000000000004
R8 =0x0000000000000000, R9 =0x00000000022a7c00, R10=0x00000000023d7f48, R11=0x000000006b95b580
R12=0x0000000000000000, R13=0x0000000016960130, R14=0x00000000021bf6f8, R15=0x00000000022c0800
RIP=0x000000006b875212, EFLAGS=0x0000000000010202

Top of Stack: (sp=0x00000000021bf5d0)
0x00000000021bf5d0:   00000000022c0800 00000000022a7c00
0x00000000021bf5e0:   0000000016960130 00000000021bf6f8
0x00000000021bf5f0:   00000000022c0800 0000000000000000
0x00000000021bf600:   00000000021bf9b8 000000006b85c974
0x00000000021bf610:   00000000022c0800 00000000022c0800
0x00000000021bf620:   0000000016960130 00000000022c0800
0x00000000021bf630:   0000000016960130 00000000022c0800
0x00000000021bf640:   00000000022c09f8 00007ffb7dc3bb2c
0x00000000021bf650:   0000000000000004 00000000022a7c00
0x00000000021bf660:   0000000016960130 0000000016960130
0x00000000021bf670:   00000000ffffffff 00000000023d7f74
0x00000000021bf680:   0000000016960130 00000000021bf6e0
0x00000000021bf690:   00000000022c0800 00000000023d7ca2
0x00000000021bf6a0:   00000000021bf6a0 0000000016960130
0x00000000021bf6b0:   00000000021bf6f8 0000000016960ce0
0x00000000021bf6c0:   0000000000000000 0000000016960130 

Instructions: (pc=0x000000006b875212)
0x000000006b8751f2:   89 5c 24 20 48 89 74 24 28 48 39 73 08 74 0a 48
0x000000006b875202:   8d 4c 24 20 e8 c5 64 13 00 40 38 35 4e 61 6c 00
0x000000006b875212:   48 8b 3f 48 63 05 30 c1 6a 00 74 1b 8b 0c 38 85
0x000000006b875222:   c9 74 7c 8b c1 8b 0d 6b 95 65 00 48 d3 e0 48 03 


Register to memory mapping:

RAX=0x0000000000000000 is an unknown value
RBX=0x00000000022c0800 is a thread
RCX=0x0000000000000080 is an unknown value
RDX=0x0000000000000004 is an unknown value
RSP=0x00000000021bf5d0 is pointing into the stack for thread: 0x00000000022c0800
RBP=0x0000000000000000 is an unknown value
RSI=0x0000000000000000 is an unknown value
RDI=0x0000000000000004 is an unknown value
R8 =0x0000000000000000 is an unknown value
R9 =0x00000000022a7c00 is an unknown value
R10=0x00000000023d7f48 is at code_begin+840 in an Interpreter codelet
method entry point (kind = native)  [0x00000000023d7c00, 0x00000000023d8560]  2400 bytes
R11=0x000000006b95b580 is an unknown value
R12=0x0000000000000000 is an unknown value
R13={method} {0x0000000016960138} 'startClient' '()V' in 'edu/wpi/first/wpilibj/networktables/NetworkTablesJNI'
R14=0x00000000021bf6f8 is pointing into the stack for thread: 0x00000000022c0800
R15=0x00000000022c0800 is a thread


Stack: [0x00000000020c0000,0x00000000021c0000],  sp=0x00000000021bf5d0,  free space=1021k
Native frames: (J=compiled Java code, j=interpreted, Vv=VM code, C=native code)

Java frames: (J=compiled Java code, j=interpreted, Vv=VM code)
j  edu.wpi.first.wpilibj.networktables.NetworkTablesJNI.startClient()V+0
j  edu.wpi.first.wpilibj.networktables.NetworkTable.initialize()V+15
j  application.Run.main([Ljava/lang/String;)V+3
v  ~StubRoutines::call_stub

---------------  P R O C E S S  ---------------

Java Threads: ( => current thread )
  0x000000001896c800 JavaThread "Service Thread" daemon [_thread_blocked, id=1372, stack(0x0000000018d40000,0x0000000018e40000)]
  0x0000000016f00800 JavaThread "C1 CompilerThread2" daemon [_thread_blocked, id=3112, stack(0x0000000018840000,0x0000000018940000)]
  0x0000000016eef800 JavaThread "C2 CompilerThread1" daemon [_thread_blocked, id=13916, stack(0x0000000018740000,0x0000000018840000)]
  0x0000000016eed000 JavaThread "C2 CompilerThread0" daemon [_thread_blocked, id=13016, stack(0x0000000018640000,0x0000000018740000)]
  0x0000000016eea800 JavaThread "Attach Listener" daemon [_thread_blocked, id=11524, stack(0x0000000018540000,0x0000000018640000)]
  0x0000000016ee9800 JavaThread "Signal Dispatcher" daemon [_thread_blocked, id=5584, stack(0x0000000018440000,0x0000000018540000)]
  0x0000000016eda000 JavaThread "Finalizer" daemon [_thread_blocked, id=14244, stack(0x0000000018150000,0x0000000018250000)]
  0x00000000023af000 JavaThread "Reference Handler" daemon [_thread_blocked, id=9212, stack(0x0000000018050000,0x0000000018150000)]
=>0x00000000022c0800 JavaThread "main" [_thread_in_vm, id=10736, stack(0x00000000020c0000,0x00000000021c0000)]

Other Threads:
  0x0000000016eb7800 VMThread [stack: 0x0000000017f50000,0x0000000018050000] [id=2664]
  0x0000000018970800 WatcherThread [stack: 0x0000000018e40000,0x0000000018f40000] [id=3244]

VM state:not at safepoint (normal execution)

VM Mutex/Monitor currently owned by a thread: None

Heap:
 PSYoungGen      total 38400K, used 3328K [0x00000000d5f00000, 0x00000000d8980000, 0x0000000100000000)
  eden space 33280K, 10% used [0x00000000d5f00000,0x00000000d62400d8,0x00000000d7f80000)
  from space 5120K, 0% used [0x00000000d8480000,0x00000000d8480000,0x00000000d8980000)
  to   space 5120K, 0% used [0x00000000d7f80000,0x00000000d7f80000,0x00000000d8480000)
 ParOldGen       total 87552K, used 0K [0x0000000081c00000, 0x0000000087180000, 0x00000000d5f00000)
  object space 87552K, 0% used [0x0000000081c00000,0x0000000081c00000,0x0000000087180000)
 Metaspace       used 3787K, capacity 4724K, committed 4864K, reserved 1056768K
  class space    used 437K, capacity 496K, committed 512K, reserved 1048576K

Card table byte_map: [0x0000000011780000,0x0000000011b80000] byte_map_base: 0x0000000011372000

Marking Bits: (ParMarkBitMap*) 0x000000006bf4a6c0
 Begin Bits: [0x0000000012230000, 0x00000000141c0000)
 End Bits:   [0x00000000141c0000, 0x0000000016150000)

Polling page: 0x0000000000630000

CodeCache: size=245760Kb used=1400Kb max_used=1400Kb free=244359Kb
 bounds [0x00000000023c0000, 0x0000000002630000, 0x00000000113c0000]
 total_blobs=439 nmethods=168 adapters=184
 compilation: enabled

Compilation events (10 events):
Event: 0.233 Thread 0x0000000016f00800  164       3       java.io.FilterInputStream::read (11 bytes)
Event: 0.233 Thread 0x0000000016f00800 nmethod 164 0x000000000251cb90 code [0x000000000251cd00, 0x000000000251cf28]
Event: 0.320 Thread 0x0000000016f00800  165       1       java.net.URL::getHost (5 bytes)
Event: 0.321 Thread 0x0000000016f00800 nmethod 165 0x000000000251d010 code [0x000000000251d160, 0x000000000251d270]
Event: 0.321 Thread 0x0000000016f00800  166       3       java.lang.String::indexOf (25 bytes)
Event: 0.321 Thread 0x0000000016f00800 nmethod 166 0x000000000251d4d0 code [0x000000000251d640, 0x000000000251d7e8]
Event: 0.321 Thread 0x0000000016f00800  167       3       java.lang.String::replace (127 bytes)
Event: 0.321 Thread 0x0000000016f00800 nmethod 167 0x000000000251d910 code [0x000000000251dac0, 0x000000000251e170]
Event: 0.322 Thread 0x0000000016f00800  168       1       java.net.URL::getRef (5 bytes)
Event: 0.322 Thread 0x0000000016f00800 nmethod 168 0x000000000251e510 code [0x000000000251e660, 0x000000000251e770]

GC Heap History (0 events):
No events

Deoptimization events (0 events):
No events

Internal exceptions (6 events):
Event: 0.027 Thread 0x00000000022c0800 Exception <a 'java/lang/NoSuchMethodError': Method sun.misc.Unsafe.defineClass(Ljava/lang/String;[BII)Ljava/lang/Class; name or signature does not match> (0x00000000d5f07c78) thrown at [C:\re\workspace\8-2-build-windows-amd64-cygwin\jdk8u111\7883\hotspot\
Event: 0.027 Thread 0x00000000022c0800 Exception <a 'java/lang/NoSuchMethodError': Method sun.misc.Unsafe.prefetchRead(Ljava/lang/Object;J)V name or signature does not match> (0x00000000d5f07f60) thrown at [C:\re\workspace\8-2-build-windows-amd64-cygwin\jdk8u111\7883\hotspot\src\share\vm\prims
Event: 0.114 Thread 0x00000000022c0800 Exception <a 'java/security/PrivilegedActionException'> (0x00000000d6075660) thrown at [C:\re\workspace\8-2-build-windows-amd64-cygwin\jdk8u111\7883\hotspot\src\share\vm\prims\jvm.cpp, line 1386]
Event: 0.114 Thread 0x00000000022c0800 Exception <a 'java/security/PrivilegedActionException'> (0x00000000d6075870) thrown at [C:\re\workspace\8-2-build-windows-amd64-cygwin\jdk8u111\7883\hotspot\src\share\vm\prims\jvm.cpp, line 1386]
Event: 0.116 Thread 0x00000000022c0800 Exception <a 'java/security/PrivilegedActionException'> (0x00000000d60794b8) thrown at [C:\re\workspace\8-2-build-windows-amd64-cygwin\jdk8u111\7883\hotspot\src\share\vm\prims\jvm.cpp, line 1386]
Event: 0.116 Thread 0x00000000022c0800 Exception <a 'java/security/PrivilegedActionException'> (0x00000000d60796c8) thrown at [C:\re\workspace\8-2-build-windows-amd64-cygwin\jdk8u111\7883\hotspot\src\share\vm\prims\jvm.cpp, line 1386]

Events (10 events):
Event: 0.226 loading class java/lang/Shutdown$Lock
Event: 0.226 loading class java/lang/Shutdown$Lock done
Event: 0.320 loading class edu/wpi/first/wpilibj/networktables/ConnectionInfo
Event: 0.320 loading class edu/wpi/first/wpilibj/networktables/ConnectionInfo done
Event: 0.321 loading class edu/wpi/first/wpilibj/networktables/EntryInfo
Event: 0.321 loading class edu/wpi/first/wpilibj/networktables/EntryInfo done
Event: 0.321 loading class edu/wpi/first/wpilibj/networktables/NetworkTableKeyNotDefined
Event: 0.321 loading class edu/wpi/first/wpilibj/networktables/NetworkTableKeyNotDefined done
Event: 0.321 loading class edu/wpi/first/wpilibj/networktables/PersistentException
Event: 0.321 loading class edu/wpi/first/wpilibj/networktables/PersistentException done


Dynamic libraries:
0x00007ff650050000 - 0x00007ff650087000 	C:\Program Files\Java\jre1.8.0_111\bin\javaw.exe
0x00007ffba64f0000 - 0x00007ffba66c1000 	C:\WINDOWS\SYSTEM32\ntdll.dll
0x00007ffba3cb0000 - 0x00007ffba3d5b000 	C:\WINDOWS\System32\KERNEL32.DLL
0x00007ffba3790000 - 0x00007ffba39ad000 	C:\WINDOWS\System32\KERNELBASE.dll
0x00007ffba5eb0000 - 0x00007ffba5f52000 	C:\WINDOWS\System32\ADVAPI32.dll
0x00007ffba3a80000 - 0x00007ffba3b1e000 	C:\WINDOWS\System32\msvcrt.dll
0x00007ffba3b20000 - 0x00007ffba3b79000 	C:\WINDOWS\System32\sechost.dll
0x00007ffba3b80000 - 0x00007ffba3ca1000 	C:\WINDOWS\System32\RPCRT4.dll
0x00007ffba4180000 - 0x00007ffba42e5000 	C:\WINDOWS\System32\USER32.dll
0x00007ffba39b0000 - 0x00007ffba39ce000 	C:\WINDOWS\System32\win32u.dll
0x00007ffba5e60000 - 0x00007ffba5e94000 	C:\WINDOWS\System32\GDI32.dll
0x00007ffba32e0000 - 0x00007ffba3462000 	C:\WINDOWS\System32\gdi32full.dll
0x00007ffb99810000 - 0x00007ffb99a89000 	C:\WINDOWS\WinSxS\amd64_microsoft.windows.common-controls_6595b64144ccf1df_6.0.14393.447_none_42191651c6827bb3\COMCTL32.dll
0x00007ffba45c0000 - 0x00007ffba4888000 	C:\WINDOWS\System32\combase.dll
0x00007ffba3690000 - 0x00007ffba3785000 	C:\WINDOWS\System32\ucrtbase.dll
0x00007ffba2ae0000 - 0x00007ffba2b4a000 	C:\WINDOWS\System32\bcryptPrimitives.dll
0x00007ffba3dd0000 - 0x00007ffba3dfe000 	C:\WINDOWS\System32\IMM32.DLL
0x000000006b5e0000 - 0x000000006b6b2000 	C:\Program Files\Java\jre1.8.0_111\bin\msvcr100.dll
0x000000006b730000 - 0x000000006bfca000 	C:\Program Files\Java\jre1.8.0_111\bin\server\jvm.dll
0x00007ffba63f0000 - 0x00007ffba63f8000 	C:\WINDOWS\System32\PSAPI.DLL
0x00007ffb981b0000 - 0x00007ffb981b9000 	C:\WINDOWS\SYSTEM32\WSOCK32.dll
0x00007ffba0d60000 - 0x00007ffba0d83000 	C:\WINDOWS\SYSTEM32\WINMM.dll
0x00007ffb9be80000 - 0x00007ffb9be8a000 	C:\WINDOWS\SYSTEM32\VERSION.dll
0x00007ffba0d00000 - 0x00007ffba0d2b000 	C:\WINDOWS\SYSTEM32\WINMMBASE.dll
0x00007ffba3470000 - 0x00007ffba34b2000 	C:\WINDOWS\System32\cfgmgr32.dll
0x00007ffba6460000 - 0x00007ffba64ca000 	C:\WINDOWS\System32\ws2_32.DLL
0x000000006caf0000 - 0x000000006caff000 	C:\Program Files\Java\jre1.8.0_111\bin\verify.dll
0x000000006cac0000 - 0x000000006cae9000 	C:\Program Files\Java\jre1.8.0_111\bin\java.dll
0x000000006caa0000 - 0x000000006cab6000 	C:\Program Files\Java\jre1.8.0_111\bin\zip.dll
0x00007ffba4890000 - 0x00007ffba5d99000 	C:\WINDOWS\System32\SHELL32.dll
0x00007ffba2b50000 - 0x00007ffba322a000 	C:\WINDOWS\System32\windows.storage.dll
0x00007ffba2970000 - 0x00007ffba29bc000 	C:\WINDOWS\System32\powrprof.dll
0x00007ffba6400000 - 0x00007ffba6452000 	C:\WINDOWS\System32\shlwapi.dll
0x00007ffba29c0000 - 0x00007ffba29cf000 	C:\WINDOWS\System32\kernel.appcore.dll
0x00007ffba3230000 - 0x00007ffba32d9000 	C:\WINDOWS\System32\shcore.dll
0x00007ffba2950000 - 0x00007ffba2964000 	C:\WINDOWS\System32\profapi.dll
0x00007ffba2420000 - 0x00007ffba2437000 	C:\WINDOWS\SYSTEM32\CRYPTSP.dll
0x00007ffba1e90000 - 0x00007ffba1ec3000 	C:\WINDOWS\system32\rsaenh.dll
0x00007ffba2530000 - 0x00007ffba255b000 	C:\WINDOWS\SYSTEM32\bcrypt.dll
0x00007ffba2100000 - 0x00007ffba211f000 	C:\WINDOWS\SYSTEM32\USERENV.dll
0x00007ffba2440000 - 0x00007ffba244b000 	C:\WINDOWS\SYSTEM32\CRYPTBASE.dll
0x000000006b710000 - 0x000000006b72a000 	C:\Program Files\Java\jre1.8.0_111\bin\net.dll
0x00007ffba2280000 - 0x00007ffba22dc000 	C:\WINDOWS\system32\mswsock.dll
0x00007ffba2010000 - 0x00007ffba2048000 	C:\WINDOWS\SYSTEM32\IPHLPAPI.DLL
0x00007ffba4450000 - 0x00007ffba4458000 	C:\WINDOWS\System32\NSI.dll
0x00007ffb9db30000 - 0x00007ffb9db46000 	C:\WINDOWS\SYSTEM32\dhcpcsvc6.DLL
0x00007ffb9ee60000 - 0x00007ffb9ee7a000 	C:\WINDOWS\SYSTEM32\dhcpcsvc.DLL
0x000000006b6f0000 - 0x000000006b701000 	C:\Program Files\Java\jre1.8.0_111\bin\nio.dll
0x00007ffb7dc20000 - 0x00007ffb7dce0000 	C:\Users\Josh\AppData\Local\Temp\NetworkTablesJNI5863249928395223477.dll
0x00007ffb94690000 - 0x00007ffb94822000 	C:\WINDOWS\SYSTEM32\dbghelp.dll

VM Arguments:
jvm_args: -Dfile.encoding=Cp1252 
java_command: application.Run
java_class_path (initial): C:\Users\Josh\Desktop\High School\Robotics\Robotics Workspace\RobotDisplay\bin;C:\Users\Josh\wpilib\java\current\lib\NetworkTables.jar;C:\Users\Josh\wpilib\java\current\lib\WPILib.jar;C:\Users\Josh\wpilib\java\current\lib\cscore.jar;C:\Users\Josh\wpilib\java\current\lib\opencv.jar;C:\Users\Josh\wpilib\java\current\lib\NetworkTables-sources.jar;C:\Users\Josh\Desktop\High School\Robotics\Robotics Workspace\RobotDisplay\libs\NetworkTables-3.0.0-20160125.000943-1-desktop.jar
Launcher Type: SUN_STANDARD

Environment Variables:
JAVA_HOME=C:\Program Files\Java\jdk1.8.0_111
PATH=C:/Program Files/Java/jre1.8.0_111/bin/server;C:/Program Files/Java/jre1.8.0_111/bin;C:/Program Files/Java/jre1.8.0_111/lib/amd64;C:\Program Files\Java\jdk1.8.0_111\bin;C:\ProgramData\Oracle\Java\javapath;C:\WINDOWS\system32;C:\WINDOWS;C:\WINDOWS\System32\Wbem;C:\WINDOWS\System32\WindowsPowerShell\v1.0\;C:\Program Files (x86)\Skype\Phone\;C:\Program Files\Git\cmd;C:\Program Files (x86)\NVIDIA Corporation\PhysX\Common;C:\Users\Josh\AppData\Local\Microsoft\WindowsApps;;C:\WINDOWS\system32;
USERNAME=Josh
OS=Windows_NT
PROCESSOR_IDENTIFIER=Intel64 Family 6 Model 60 Stepping 3, GenuineIntel



---------------  S Y S T E M  ---------------

OS: Windows 10.0 , 64 bit Build 14393 (10.0.14393.0)

CPU:total 4 (2 cores per cpu, 2 threads per core) family 6 model 60 stepping 3, cmov, cx8, fxsr, mmx, sse, sse2, sse3, ssse3, sse4.1, sse4.2, popcnt, avx, avx2, aes, clmul, erms, lzcnt, ht, tsc, tscinvbit, bmi1, bmi2

Memory: 4k page, physical 8270904k(3904424k free), swap 11605580k(4520624k free)

vm_info: Java HotSpot(TM) 64-Bit Server VM (25.111-b14) for windows-amd64 JRE (1.8.0_111-b14), built on Sep 22 2016 19:24:05 by "java_re" with MS VC++ 10.0 (VS2010)

time: Wed Feb 15 20:55:35 2017
elapsed time: 0 seconds (0d 0h 0m 0s)

