#
# A fatal error has been detected by the Java Runtime Environment:
#
#  EXCEPTION_ACCESS_VIOLATION (0xc0000005) at pc=0x000000006b875212, pid=11512, tid=0x0000000000001564
#
# JRE version: Java(TM) SE Runtime Environment (8.0_111-b14) (build 1.8.0_111-b14)
# Java VM: Java HotSpot(TM) 64-Bit Server VM (25.111-b14 mixed mode windows-amd64 compressed oops)
# Problematic frame:
# V  [jvm.dll+0x145212]
#
# Failed to write core dump. Minidumps are not enabled by default on client versions of Windows
#
# If you would like to submit a bug report, please visit:
#   http://bugreport.java.com/bugreport/crash.jsp
#

---------------  T H R E A D  ---------------

Current thread (0x00000000031e0800):  JavaThread "main" [_thread_in_vm, id=5476, stack(0x00000000030e0000,0x00000000031e0000)]

siginfo: ExceptionCode=0xc0000005, reading address 0x0000000000000004

Registers:
RAX=0x0000000000000000, RBX=0x00000000031e0800, RCX=0x0000000000000080, RDX=0x0000000000000004
RSP=0x00000000031defa0, RBP=0x0000000000000000, RSI=0x0000000000000000, RDI=0x0000000000000004
R8 =0x0000000000000000, R9 =0x0000000002ef7690, R10=0x00000000032f7f48, R11=0x000000006b95b580
R12=0x0000000000000000, R13=0x000000001788f188, R14=0x00000000031df0c8, R15=0x00000000031e0800
RIP=0x000000006b875212, EFLAGS=0x0000000000010202

Top of Stack: (sp=0x00000000031defa0)
0x00000000031defa0:   00000000031e0800 0000000002ef7690
0x00000000031defb0:   000000001788f188 00000000031df0c8
0x00000000031defc0:   00000000031e0800 0000000000000000
0x00000000031defd0:   00000000031df398 000000006b85c974
0x00000000031defe0:   00000000031e0800 00000000031e0800
0x00000000031deff0:   000000001788f188 00000000031e0800
0x00000000031df000:   000000001788f188 00000000031e0800
0x00000000031df010:   00000000031e09f8 00007ffb8778b99c
0x00000000031df020:   0000000000000004 0000000002ef7690
0x00000000031df030:   000000001788f188 000000001788f188
0x00000000031df040:   00000000ffffffff 00000000032f7f74
0x00000000031df050:   000000001788f188 00000000031df0b0
0x00000000031df060:   00000000031e0800 00000000032f7ca2
0x00000000031df070:   00000000031df070 000000001788f188
0x00000000031df080:   00000000031df0c8 000000001788fd38
0x00000000031df090:   0000000000000000 000000001788f188 

Instructions: (pc=0x000000006b875212)
0x000000006b8751f2:   89 5c 24 20 48 89 74 24 28 48 39 73 08 74 0a 48
0x000000006b875202:   8d 4c 24 20 e8 c5 64 13 00 40 38 35 4e 61 6c 00
0x000000006b875212:   48 8b 3f 48 63 05 30 c1 6a 00 74 1b 8b 0c 38 85
0x000000006b875222:   c9 74 7c 8b c1 8b 0d 6b 95 65 00 48 d3 e0 48 03 


Register to memory mapping:

RAX=0x0000000000000000 is an unknown value
RBX=0x00000000031e0800 is a thread
RCX=0x0000000000000080 is an unknown value
RDX=0x0000000000000004 is an unknown value
RSP=0x00000000031defa0 is pointing into the stack for thread: 0x00000000031e0800
RBP=0x0000000000000000 is an unknown value
RSI=0x0000000000000000 is an unknown value
RDI=0x0000000000000004 is an unknown value
R8 =0x0000000000000000 is an unknown value
R9 =0x0000000002ef7690 is an unknown value
R10=0x00000000032f7f48 is at code_begin+840 in an Interpreter codelet
method entry point (kind = native)  [0x00000000032f7c00, 0x00000000032f8560]  2400 bytes
R11=0x000000006b95b580 is an unknown value
R12=0x0000000000000000 is an unknown value
R13={method} {0x000000001788f190} 'startClient' '()V' in 'edu/wpi/first/wpilibj/networktables/NetworkTablesJNI'
R14=0x00000000031df0c8 is pointing into the stack for thread: 0x00000000031e0800
R15=0x00000000031e0800 is a thread


Stack: [0x00000000030e0000,0x00000000031e0000],  sp=0x00000000031defa0,  free space=1019k
Native frames: (J=compiled Java code, j=interpreted, Vv=VM code, C=native code)

Java frames: (J=compiled Java code, j=interpreted, Vv=VM code)
j  edu.wpi.first.wpilibj.networktables.NetworkTablesJNI.startClient()V+0
j  edu.wpi.first.wpilibj.networktables.NetworkTable.initialize()V+15
j  application.Run.main([Ljava/lang/String;)V+3
v  ~StubRoutines::call_stub

---------------  P R O C E S S  ---------------

Java Threads: ( => current thread )
  0x0000000019786000 JavaThread "Service Thread" daemon [_thread_blocked, id=10228, stack(0x0000000019b60000,0x0000000019c60000)]
  0x0000000017e19800 JavaThread "C1 CompilerThread2" daemon [_thread_blocked, id=4888, stack(0x0000000019660000,0x0000000019760000)]
  0x0000000017e12800 JavaThread "C2 CompilerThread1" daemon [_thread_blocked, id=10596, stack(0x0000000019560000,0x0000000019660000)]
  0x0000000017e0e000 JavaThread "C2 CompilerThread0" daemon [_thread_blocked, id=2448, stack(0x0000000019460000,0x0000000019560000)]
  0x0000000017e0d000 JavaThread "Attach Listener" daemon [_thread_blocked, id=7996, stack(0x0000000019360000,0x0000000019460000)]
  0x0000000017e0c000 JavaThread "Signal Dispatcher" daemon [_thread_blocked, id=7580, stack(0x0000000019260000,0x0000000019360000)]
  0x0000000017dfa800 JavaThread "Finalizer" daemon [_thread_blocked, id=7208, stack(0x0000000019070000,0x0000000019170000)]
  0x00000000032d1000 JavaThread "Reference Handler" daemon [_thread_blocked, id=2548, stack(0x0000000018f70000,0x0000000019070000)]
=>0x00000000031e0800 JavaThread "main" [_thread_in_vm, id=5476, stack(0x00000000030e0000,0x00000000031e0000)]

Other Threads:
  0x0000000017dd7000 VMThread [stack: 0x0000000018e70000,0x0000000018f70000] [id=5684]
  0x0000000019799800 WatcherThread [stack: 0x0000000019c60000,0x0000000019d60000] [id=6484]

VM state:not at safepoint (normal execution)

VM Mutex/Monitor currently owned by a thread: None

Heap:
 PSYoungGen      total 38400K, used 3328K [0x00000000d5f00000, 0x00000000d8980000, 0x0000000100000000)
  eden space 33280K, 10% used [0x00000000d5f00000,0x00000000d6240128,0x00000000d7f80000)
  from space 5120K, 0% used [0x00000000d8480000,0x00000000d8480000,0x00000000d8980000)
  to   space 5120K, 0% used [0x00000000d7f80000,0x00000000d7f80000,0x00000000d8480000)
 ParOldGen       total 87552K, used 0K [0x0000000081c00000, 0x0000000087180000, 0x00000000d5f00000)
  object space 87552K, 0% used [0x0000000081c00000,0x0000000081c00000,0x0000000087180000)
 Metaspace       used 3877K, capacity 4736K, committed 4864K, reserved 1056768K
  class space    used 443K, capacity 496K, committed 512K, reserved 1048576K

Card table byte_map: [0x00000000126a0000,0x0000000012aa0000] byte_map_base: 0x0000000012292000

Marking Bits: (ParMarkBitMap*) 0x000000006bf4a6c0
 Begin Bits: [0x0000000013150000, 0x00000000150e0000)
 End Bits:   [0x00000000150e0000, 0x0000000017070000)

Polling page: 0x0000000002f20000

CodeCache: size=245760Kb used=1451Kb max_used=1451Kb free=244308Kb
 bounds [0x00000000032e0000, 0x0000000003550000, 0x00000000122e0000]
 total_blobs=455 nmethods=184 adapters=184
 compilation: enabled

Compilation events (10 events):
Event: 0.357 Thread 0x0000000017e19800  179   !   3       sun.misc.URLClassPath$JarLoader::getResource (85 bytes)
Event: 0.358 Thread 0x0000000017e19800 nmethod 179 0x0000000003448010 code [0x0000000003448260, 0x0000000003449018]
Event: 0.358 Thread 0x0000000017e19800  180       3       java.lang.String::<init> (10 bytes)
Event: 0.358 Thread 0x0000000017e19800 nmethod 180 0x0000000003449790 code [0x00000000034498e0, 0x0000000003449ab0]
Event: 0.358 Thread 0x0000000017e19800  181       3       java.lang.String::indexOf (7 bytes)
Event: 0.358 Thread 0x0000000017e19800 nmethod 181 0x0000000003449b50 code [0x0000000003449cc0, 0x0000000003449f48]
Event: 0.358 Thread 0x0000000017e19800  182       3       sun.misc.MetaIndex::mayContain (51 bytes)
Event: 0.359 Thread 0x0000000017e19800 nmethod 182 0x000000000344a490 code [0x000000000344a640, 0x000000000344acb8]
Event: 0.359 Thread 0x0000000017e19800  183       3       java.util.concurrent.ConcurrentHashMap::setTabAt (19 bytes)
Event: 0.359 Thread 0x0000000017e19800 nmethod 183 0x000000000344af50 code [0x000000000344b0a0, 0x000000000344b210]

GC Heap History (0 events):
No events

Deoptimization events (0 events):
No events

Internal exceptions (6 events):
Event: 0.028 Thread 0x00000000031e0800 Exception <a 'java/lang/NoSuchMethodError': Method sun.misc.Unsafe.defineClass(Ljava/lang/String;[BII)Ljava/lang/Class; name or signature does not match> (0x00000000d5f07c78) thrown at [C:\re\workspace\8-2-build-windows-amd64-cygwin\jdk8u111\7883\hotspot\
Event: 0.028 Thread 0x00000000031e0800 Exception <a 'java/lang/NoSuchMethodError': Method sun.misc.Unsafe.prefetchRead(Ljava/lang/Object;J)V name or signature does not match> (0x00000000d5f07f60) thrown at [C:\re\workspace\8-2-build-windows-amd64-cygwin\jdk8u111\7883\hotspot\src\share\vm\prims
Event: 0.127 Thread 0x00000000031e0800 Exception <a 'java/security/PrivilegedActionException'> (0x00000000d60c4628) thrown at [C:\re\workspace\8-2-build-windows-amd64-cygwin\jdk8u111\7883\hotspot\src\share\vm\prims\jvm.cpp, line 1386]
Event: 0.127 Thread 0x00000000031e0800 Exception <a 'java/security/PrivilegedActionException'> (0x00000000d60c4838) thrown at [C:\re\workspace\8-2-build-windows-amd64-cygwin\jdk8u111\7883\hotspot\src\share\vm\prims\jvm.cpp, line 1386]
Event: 0.128 Thread 0x00000000031e0800 Exception <a 'java/security/PrivilegedActionException'> (0x00000000d60c8480) thrown at [C:\re\workspace\8-2-build-windows-amd64-cygwin\jdk8u111\7883\hotspot\src\share\vm\prims\jvm.cpp, line 1386]
Event: 0.128 Thread 0x00000000031e0800 Exception <a 'java/security/PrivilegedActionException'> (0x00000000d60c8690) thrown at [C:\re\workspace\8-2-build-windows-amd64-cygwin\jdk8u111\7883\hotspot\src\share\vm\prims\jvm.cpp, line 1386]

Events (10 events):
Event: 0.229 loading class java/lang/Shutdown$Lock
Event: 0.229 loading class java/lang/Shutdown$Lock done
Event: 0.357 loading class edu/wpi/first/wpilibj/networktables/ConnectionInfo
Event: 0.357 loading class edu/wpi/first/wpilibj/networktables/ConnectionInfo done
Event: 0.358 loading class edu/wpi/first/wpilibj/networktables/EntryInfo
Event: 0.358 loading class edu/wpi/first/wpilibj/networktables/EntryInfo done
Event: 0.358 loading class edu/wpi/first/wpilibj/networktables/NetworkTableKeyNotDefined
Event: 0.358 loading class edu/wpi/first/wpilibj/networktables/NetworkTableKeyNotDefined done
Event: 0.359 loading class edu/wpi/first/wpilibj/networktables/PersistentException
Event: 0.359 loading class edu/wpi/first/wpilibj/networktables/PersistentException done


Dynamic libraries:
0x00007ff737430000 - 0x00007ff737467000 	C:\Program Files\Java\jre1.8.0_111\bin\javaw.exe
0x00007ffba64f0000 - 0x00007ffba66c1000 	C:\WINDOWS\SYSTEM32\ntdll.dll
0x00007ffba3cb0000 - 0x00007ffba3d5b000 	C:\WINDOWS\System32\KERNEL32.DLL
0x00007ffba3790000 - 0x00007ffba39ad000 	C:\WINDOWS\System32\KERNELBASE.dll
0x00007ffba5eb0000 - 0x00007ffba5f52000 	C:\WINDOWS\System32\ADVAPI32.dll
0x00007ffba3a80000 - 0x00007ffba3b1e000 	C:\WINDOWS\System32\msvcrt.dll
0x00007ffba3b20000 - 0x00007ffba3b79000 	C:\WINDOWS\System32\sechost.dll
0x00007ffba3b80000 - 0x00007ffba3ca1000 	C:\WINDOWS\System32\RPCRT4.dll
0x00007ffba4180000 - 0x00007ffba42e5000 	C:\WINDOWS\System32\USER32.dll
0x00007ffba39b0000 - 0x00007ffba39ce000 	C:\WINDOWS\System32\win32u.dll
0x00007ffba5e60000 - 0x00007ffba5e94000 	C:\WINDOWS\System32\GDI32.dll
0x00007ffba32e0000 - 0x00007ffba3462000 	C:\WINDOWS\System32\gdi32full.dll
0x00007ffb99810000 - 0x00007ffb99a89000 	C:\WINDOWS\WinSxS\amd64_microsoft.windows.common-controls_6595b64144ccf1df_6.0.14393.447_none_42191651c6827bb3\COMCTL32.dll
0x00007ffba45c0000 - 0x00007ffba4888000 	C:\WINDOWS\System32\combase.dll
0x00007ffba3690000 - 0x00007ffba3785000 	C:\WINDOWS\System32\ucrtbase.dll
0x00007ffba2ae0000 - 0x00007ffba2b4a000 	C:\WINDOWS\System32\bcryptPrimitives.dll
0x00007ffba3dd0000 - 0x00007ffba3dfe000 	C:\WINDOWS\System32\IMM32.DLL
0x000000006b5e0000 - 0x000000006b6b2000 	C:\Program Files\Java\jre1.8.0_111\bin\msvcr100.dll
0x000000006b730000 - 0x000000006bfca000 	C:\Program Files\Java\jre1.8.0_111\bin\server\jvm.dll
0x00007ffba63f0000 - 0x00007ffba63f8000 	C:\WINDOWS\System32\PSAPI.DLL
0x00007ffb981b0000 - 0x00007ffb981b9000 	C:\WINDOWS\SYSTEM32\WSOCK32.dll
0x00007ffba0d60000 - 0x00007ffba0d83000 	C:\WINDOWS\SYSTEM32\WINMM.dll
0x00007ffba6460000 - 0x00007ffba64ca000 	C:\WINDOWS\System32\WS2_32.dll
0x00007ffb9be80000 - 0x00007ffb9be8a000 	C:\WINDOWS\SYSTEM32\VERSION.dll
0x00007ffba0d00000 - 0x00007ffba0d2b000 	C:\WINDOWS\SYSTEM32\WINMMBASE.dll
0x00007ffba3470000 - 0x00007ffba34b2000 	C:\WINDOWS\System32\cfgmgr32.dll
0x000000006caf0000 - 0x000000006caff000 	C:\Program Files\Java\jre1.8.0_111\bin\verify.dll
0x000000006cac0000 - 0x000000006cae9000 	C:\Program Files\Java\jre1.8.0_111\bin\java.dll
0x000000006caa0000 - 0x000000006cab6000 	C:\Program Files\Java\jre1.8.0_111\bin\zip.dll
0x00007ffba4890000 - 0x00007ffba5d99000 	C:\WINDOWS\System32\SHELL32.dll
0x00007ffba2b50000 - 0x00007ffba322a000 	C:\WINDOWS\System32\windows.storage.dll
0x00007ffba2970000 - 0x00007ffba29bc000 	C:\WINDOWS\System32\powrprof.dll
0x00007ffba6400000 - 0x00007ffba6452000 	C:\WINDOWS\System32\shlwapi.dll
0x00007ffba29c0000 - 0x00007ffba29cf000 	C:\WINDOWS\System32\kernel.appcore.dll
0x00007ffba3230000 - 0x00007ffba32d9000 	C:\WINDOWS\System32\shcore.dll
0x00007ffba2950000 - 0x00007ffba2964000 	C:\WINDOWS\System32\profapi.dll
0x00007ffba2420000 - 0x00007ffba2437000 	C:\WINDOWS\SYSTEM32\CRYPTSP.dll
0x00007ffba1e90000 - 0x00007ffba1ec3000 	C:\WINDOWS\system32\rsaenh.dll
0x00007ffba2530000 - 0x00007ffba255b000 	C:\WINDOWS\SYSTEM32\bcrypt.dll
0x00007ffba2100000 - 0x00007ffba211f000 	C:\WINDOWS\SYSTEM32\USERENV.dll
0x00007ffba2440000 - 0x00007ffba244b000 	C:\WINDOWS\SYSTEM32\CRYPTBASE.dll
0x000000006b710000 - 0x000000006b72a000 	C:\Program Files\Java\jre1.8.0_111\bin\net.dll
0x00007ffba2280000 - 0x00007ffba22dc000 	C:\WINDOWS\system32\mswsock.dll
0x00007ffba2010000 - 0x00007ffba2048000 	C:\WINDOWS\SYSTEM32\IPHLPAPI.DLL
0x00007ffba4450000 - 0x00007ffba4458000 	C:\WINDOWS\System32\NSI.dll
0x00007ffb9db30000 - 0x00007ffb9db46000 	C:\WINDOWS\SYSTEM32\dhcpcsvc6.DLL
0x00007ffb9ee60000 - 0x00007ffb9ee7a000 	C:\WINDOWS\SYSTEM32\dhcpcsvc.DLL
0x000000006b6f0000 - 0x000000006b701000 	C:\Program Files\Java\jre1.8.0_111\bin\nio.dll
0x00007ffb87770000 - 0x00007ffb87830000 	C:\Users\Josh\AppData\Local\Temp\NetworkTablesJNI3221532123873705086.dll
0x00007ffb94690000 - 0x00007ffb94822000 	C:\WINDOWS\SYSTEM32\dbghelp.dll

VM Arguments:
jvm_args: -Djava.library.path=C:\Users\Josh\git\Simulation-Ohm\Simulation-Ohm\libs\lwjgl\lwjgl-2.9.3\native\windows -Dfile.encoding=Cp1252 
java_command: application.Run
java_class_path (initial): C:\Users\Josh\git\RobotStateDisplay\RobotDisplay\bin;C:\Users\Josh\wpilib\java\current\lib\NetworkTables.jar;C:\Users\Josh\wpilib\java\current\lib\WPILib.jar;C:\Users\Josh\wpilib\java\current\lib\cscore.jar;C:\Users\Josh\wpilib\java\current\lib\opencv.jar;C:\Users\Josh\git\Ohm\Ohm\bin;C:\Users\Josh\git\Ohm\Ohm\lib\navx_frc.jar;C:\Users\Josh\git\Ohm\Ohm\lib\TalonSRXLibJava.jar;C:\Users\Josh\git\Ohm\Ohm\lib\Pathfinder-Java.jar;C:\Users\Josh\wpilib\user\java\lib\TalonSRXLibJava.jar;C:\Users\Josh\git\RobotStateDisplay\RobotDisplay\libs\slick\lib\slick.jar;C:\Users\Josh\git\Simulation-Ohm\Simulation-Ohm\libs\slick\lib\lwjgl.jar;C:\Users\Josh\git\RobotStateDisplay\RobotDisplay\libs\Jinput\jinput.jar;C:\Users\Josh\git\RobotStateDisplay\RobotDisplay\libs\NetworkTables-3.0.0-20160107.180902-2-desktop.jar
Launcher Type: SUN_STANDARD

Environment Variables:
JAVA_HOME=C:\Program Files\Java\jdk1.8.0_111
PATH=C:/Program Files/Java/jre1.8.0_111/bin/server;C:/Program Files/Java/jre1.8.0_111/bin;C:/Program Files/Java/jre1.8.0_111/lib/amd64;C:\Program Files\Java\jdk1.8.0_111\bin;C:\ProgramData\Oracle\Java\javapath;C:\WINDOWS\system32;C:\WINDOWS;C:\WINDOWS\System32\Wbem;C:\WINDOWS\System32\WindowsPowerShell\v1.0\;C:\Program Files (x86)\Skype\Phone\;C:\Program Files\Git\cmd;C:\Program Files (x86)\NVIDIA Corporation\PhysX\Common;C:\Users\Josh\AppData\Local\Microsoft\WindowsApps;;C:\WINDOWS\system32;
USERNAME=Josh
OS=Windows_NT
PROCESSOR_IDENTIFIER=Intel64 Family 6 Model 60 Stepping 3, GenuineIntel



---------------  S Y S T E M  ---------------

OS: Windows 10.0 , 64 bit Build 14393 (10.0.14393.0)

CPU:total 4 (2 cores per cpu, 2 threads per core) family 6 model 60 stepping 3, cmov, cx8, fxsr, mmx, sse, sse2, sse3, ssse3, sse4.1, sse4.2, popcnt, avx, avx2, aes, clmul, erms, lzcnt, ht, tsc, tscinvbit, bmi1, bmi2

Memory: 4k page, physical 8270904k(3450200k free), swap 11592084k(4181236k free)

vm_info: Java HotSpot(TM) 64-Bit Server VM (25.111-b14) for windows-amd64 JRE (1.8.0_111-b14), built on Sep 22 2016 19:24:05 by "java_re" with MS VC++ 10.0 (VS2010)

time: Thu Feb 16 21:29:54 2017
elapsed time: 0 seconds (0d 0h 0m 0s)

