#
# A fatal error has been detected by the Java Runtime Environment:
#
#  EXCEPTION_ACCESS_VIOLATION (0xc0000005) at pc=0x000000006b875212, pid=10812, tid=0x0000000000001cec
#
# JRE version: Java(TM) SE Runtime Environment (8.0_111-b14) (build 1.8.0_111-b14)
# Java VM: Java HotSpot(TM) 64-Bit Server VM (25.111-b14 mixed mode windows-amd64 compressed oops)
# Problematic frame:
# V  [jvm.dll+0x145212]
#
# Failed to write core dump. Minidumps are not enabled by default on client versions of Windows
#
# If you would like to submit a bug report, please visit:
#   http://bugreport.java.com/bugreport/crash.jsp
#

---------------  T H R E A D  ---------------

Current thread (0x0000000002e70800):  JavaThread "main" [_thread_in_vm, id=7404, stack(0x0000000002d70000,0x0000000002e70000)]

siginfo: ExceptionCode=0xc0000005, reading address 0x0000000000000004

Registers:
RAX=0x0000000000000000, RBX=0x0000000002e70800, RCX=0x0000000000000080, RDX=0x0000000000000004
RSP=0x0000000002e6f4d0, RBP=0x0000000000000000, RSI=0x0000000000000000, RDI=0x0000000000000004
R8 =0x0000000000000000, R9 =0x0000000002d076f0, R10=0x0000000002f87f48, R11=0x000000006b95b580
R12=0x0000000000000000, R13=0x000000001751f1e8, R14=0x0000000002e6f5f8, R15=0x0000000002e70800
RIP=0x000000006b875212, EFLAGS=0x0000000000010202

Top of Stack: (sp=0x0000000002e6f4d0)
0x0000000002e6f4d0:   0000000002e70800 0000000002d076f0
0x0000000002e6f4e0:   000000001751f1e8 0000000002e6f5f8
0x0000000002e6f4f0:   0000000002e70800 0000000000000000
0x0000000002e6f500:   0000000002e6f928 000000006b85c974
0x0000000002e6f510:   0000000002e70800 0000000002e70800
0x0000000002e6f520:   000000001751f1e8 0000000002e70800
0x0000000002e6f530:   000000001751f1e8 0000000002e70800
0x0000000002e6f540:   0000000002e709f8 00007ffb8776bb2c
0x0000000002e6f550:   0000000000000004 0000000002d076f0
0x0000000002e6f560:   000000001751f1e8 000000001751f1e8
0x0000000002e6f570:   00000000ffffffff 0000000002f87f74
0x0000000002e6f580:   000000001751f1e8 0000000002e6f5e0
0x0000000002e6f590:   0000000002e70800 0000000002f87ca2
0x0000000002e6f5a0:   0000000002e6f5a0 000000001751f1e8
0x0000000002e6f5b0:   0000000002e6f5f8 000000001751fd98
0x0000000002e6f5c0:   0000000000000000 000000001751f1e8 

Instructions: (pc=0x000000006b875212)
0x000000006b8751f2:   89 5c 24 20 48 89 74 24 28 48 39 73 08 74 0a 48
0x000000006b875202:   8d 4c 24 20 e8 c5 64 13 00 40 38 35 4e 61 6c 00
0x000000006b875212:   48 8b 3f 48 63 05 30 c1 6a 00 74 1b 8b 0c 38 85
0x000000006b875222:   c9 74 7c 8b c1 8b 0d 6b 95 65 00 48 d3 e0 48 03 


Register to memory mapping:

RAX=0x0000000000000000 is an unknown value
RBX=0x0000000002e70800 is a thread
RCX=0x0000000000000080 is an unknown value
RDX=0x0000000000000004 is an unknown value
RSP=0x0000000002e6f4d0 is pointing into the stack for thread: 0x0000000002e70800
RBP=0x0000000000000000 is an unknown value
RSI=0x0000000000000000 is an unknown value
RDI=0x0000000000000004 is an unknown value
R8 =0x0000000000000000 is an unknown value
R9 =0x0000000002d076f0 is an unknown value
R10=0x0000000002f87f48 is at code_begin+840 in an Interpreter codelet
method entry point (kind = native)  [0x0000000002f87c00, 0x0000000002f88560]  2400 bytes
R11=0x000000006b95b580 is an unknown value
R12=0x0000000000000000 is an unknown value
R13={method} {0x000000001751f1f0} 'startClient' '()V' in 'edu/wpi/first/wpilibj/networktables/NetworkTablesJNI'
R14=0x0000000002e6f5f8 is pointing into the stack for thread: 0x0000000002e70800
R15=0x0000000002e70800 is a thread


Stack: [0x0000000002d70000,0x0000000002e70000],  sp=0x0000000002e6f4d0,  free space=1021k
Native frames: (J=compiled Java code, j=interpreted, Vv=VM code, C=native code)

Java frames: (J=compiled Java code, j=interpreted, Vv=VM code)
j  edu.wpi.first.wpilibj.networktables.NetworkTablesJNI.startClient()V+0
j  edu.wpi.first.wpilibj.networktables.NetworkTable.initialize()V+15
j  edu.wpi.first.wpilibj.networktables.NetworkTable.getTable(Ljava/lang/String;)Ledu/wpi/first/wpilibj/networktables/NetworkTable;+6
j  application.Run.main([Ljava/lang/String;)V+5
v  ~StubRoutines::call_stub

---------------  P R O C E S S  ---------------

Java Threads: ( => current thread )
  0x000000001941a800 JavaThread "Service Thread" daemon [_thread_blocked, id=5164, stack(0x00000000197f0000,0x00000000198f0000)]
  0x0000000017aaa800 JavaThread "C1 CompilerThread2" daemon [_thread_blocked, id=3592, stack(0x00000000192f0000,0x00000000193f0000)]
  0x0000000017a9f800 JavaThread "C2 CompilerThread1" daemon [_thread_blocked, id=11932, stack(0x00000000191f0000,0x00000000192f0000)]
  0x0000000017a9d000 JavaThread "C2 CompilerThread0" daemon [_thread_blocked, id=9032, stack(0x00000000190f0000,0x00000000191f0000)]
  0x0000000017a9a800 JavaThread "Attach Listener" daemon [_thread_blocked, id=9104, stack(0x0000000018ff0000,0x00000000190f0000)]
  0x0000000017a99800 JavaThread "Signal Dispatcher" daemon [_thread_blocked, id=2976, stack(0x0000000018ef0000,0x0000000018ff0000)]
  0x0000000017a8a800 JavaThread "Finalizer" daemon [_thread_blocked, id=11944, stack(0x0000000018d00000,0x0000000018e00000)]
  0x0000000002f5f000 JavaThread "Reference Handler" daemon [_thread_blocked, id=1968, stack(0x0000000018c00000,0x0000000018d00000)]
=>0x0000000002e70800 JavaThread "main" [_thread_in_vm, id=7404, stack(0x0000000002d70000,0x0000000002e70000)]

Other Threads:
  0x0000000017a67800 VMThread [stack: 0x0000000018b00000,0x0000000018c00000] [id=5772]
  0x000000001942d800 WatcherThread [stack: 0x00000000198f0000,0x00000000199f0000] [id=14332]

VM state:not at safepoint (normal execution)

VM Mutex/Monitor currently owned by a thread: None

Heap:
 PSYoungGen      total 38400K, used 3328K [0x00000000d5f00000, 0x00000000d8980000, 0x0000000100000000)
  eden space 33280K, 10% used [0x00000000d5f00000,0x00000000d62400a0,0x00000000d7f80000)
  from space 5120K, 0% used [0x00000000d8480000,0x00000000d8480000,0x00000000d8980000)
  to   space 5120K, 0% used [0x00000000d7f80000,0x00000000d7f80000,0x00000000d8480000)
 ParOldGen       total 87552K, used 0K [0x0000000081c00000, 0x0000000087180000, 0x00000000d5f00000)
  object space 87552K, 0% used [0x0000000081c00000,0x0000000081c00000,0x0000000087180000)
 Metaspace       used 3879K, capacity 4736K, committed 4864K, reserved 1056768K
  class space    used 443K, capacity 496K, committed 512K, reserved 1048576K

Card table byte_map: [0x0000000012330000,0x0000000012730000] byte_map_base: 0x0000000011f22000

Marking Bits: (ParMarkBitMap*) 0x000000006bf4a6c0
 Begin Bits: [0x0000000012de0000, 0x0000000014d70000)
 End Bits:   [0x0000000014d70000, 0x0000000016d00000)

Polling page: 0x00000000016a0000

CodeCache: size=245760Kb used=1452Kb max_used=1452Kb free=244307Kb
 bounds [0x0000000002f70000, 0x00000000031e0000, 0x0000000011f70000]
 total_blobs=458 nmethods=187 adapters=184
 compilation: enabled

Compilation events (10 events):
Event: 0.263 Thread 0x0000000017aaa800  180       3       java.io.FilterInputStream::read (9 bytes)
Event: 0.264 Thread 0x0000000017aaa800 nmethod 180 0x00000000030d94d0 code [0x00000000030d9640, 0x00000000030d9868]
Event: 0.265 Thread 0x0000000017aaa800  182       3       java.io.FileOutputStream::write (12 bytes)
Event: 0.266 Thread 0x0000000017aaa800 nmethod 182 0x00000000030d9c90 code [0x00000000030d9e00, 0x00000000030d9f88]
Event: 0.266 Thread 0x0000000017aaa800  183       3       java.io.FilterInputStream::read (11 bytes)
Event: 0.266 Thread 0x0000000017aaa800 nmethod 183 0x00000000030da050 code [0x00000000030da1c0, 0x00000000030da3e8]
Event: 0.347 Thread 0x0000000017aaa800  184       3       java.lang.String::indexOf (7 bytes)
Event: 0.347 Thread 0x0000000017aaa800 nmethod 184 0x00000000030da4d0 code [0x00000000030da640, 0x00000000030da8c8]
Event: 0.347 Thread 0x0000000017aaa800  185       3       java.util.concurrent.ConcurrentHashMap::setTabAt (19 bytes)
Event: 0.347 Thread 0x0000000017aaa800 nmethod 185 0x00000000030dae10 code [0x00000000030daf60, 0x00000000030db0d0]

GC Heap History (0 events):
No events

Deoptimization events (0 events):
No events

Internal exceptions (6 events):
Event: 0.031 Thread 0x0000000002e70800 Exception <a 'java/lang/NoSuchMethodError': Method sun.misc.Unsafe.defineClass(Ljava/lang/String;[BII)Ljava/lang/Class; name or signature does not match> (0x00000000d5f07c78) thrown at [C:\re\workspace\8-2-build-windows-amd64-cygwin\jdk8u111\7883\hotspot\
Event: 0.031 Thread 0x0000000002e70800 Exception <a 'java/lang/NoSuchMethodError': Method sun.misc.Unsafe.prefetchRead(Ljava/lang/Object;J)V name or signature does not match> (0x00000000d5f07f60) thrown at [C:\re\workspace\8-2-build-windows-amd64-cygwin\jdk8u111\7883\hotspot\src\share\vm\prims
Event: 0.135 Thread 0x0000000002e70800 Exception <a 'java/security/PrivilegedActionException'> (0x00000000d60cb930) thrown at [C:\re\workspace\8-2-build-windows-amd64-cygwin\jdk8u111\7883\hotspot\src\share\vm\prims\jvm.cpp, line 1386]
Event: 0.135 Thread 0x0000000002e70800 Exception <a 'java/security/PrivilegedActionException'> (0x00000000d60cbb40) thrown at [C:\re\workspace\8-2-build-windows-amd64-cygwin\jdk8u111\7883\hotspot\src\share\vm\prims\jvm.cpp, line 1386]
Event: 0.135 Thread 0x0000000002e70800 Exception <a 'java/security/PrivilegedActionException'> (0x00000000d60cf788) thrown at [C:\re\workspace\8-2-build-windows-amd64-cygwin\jdk8u111\7883\hotspot\src\share\vm\prims\jvm.cpp, line 1386]
Event: 0.135 Thread 0x0000000002e70800 Exception <a 'java/security/PrivilegedActionException'> (0x00000000d60cf998) thrown at [C:\re\workspace\8-2-build-windows-amd64-cygwin\jdk8u111\7883\hotspot\src\share\vm\prims\jvm.cpp, line 1386]

Events (10 events):
Event: 0.258 loading class java/lang/Shutdown$Lock
Event: 0.258 loading class java/lang/Shutdown$Lock done
Event: 0.346 loading class edu/wpi/first/wpilibj/networktables/ConnectionInfo
Event: 0.346 loading class edu/wpi/first/wpilibj/networktables/ConnectionInfo done
Event: 0.346 loading class edu/wpi/first/wpilibj/networktables/EntryInfo
Event: 0.346 loading class edu/wpi/first/wpilibj/networktables/EntryInfo done
Event: 0.346 loading class edu/wpi/first/wpilibj/networktables/NetworkTableKeyNotDefined
Event: 0.346 loading class edu/wpi/first/wpilibj/networktables/NetworkTableKeyNotDefined done
Event: 0.347 loading class edu/wpi/first/wpilibj/networktables/PersistentException
Event: 0.347 loading class edu/wpi/first/wpilibj/networktables/PersistentException done


Dynamic libraries:
0x00007ff737430000 - 0x00007ff737467000 	C:\Program Files\Java\jre1.8.0_111\bin\javaw.exe
0x00007ffba64f0000 - 0x00007ffba66c1000 	C:\WINDOWS\SYSTEM32\ntdll.dll
0x00007ffba3cb0000 - 0x00007ffba3d5b000 	C:\WINDOWS\System32\KERNEL32.DLL
0x00007ffba3790000 - 0x00007ffba39ad000 	C:\WINDOWS\System32\KERNELBASE.dll
0x00007ffba5eb0000 - 0x00007ffba5f52000 	C:\WINDOWS\System32\ADVAPI32.dll
0x00007ffba3a80000 - 0x00007ffba3b1e000 	C:\WINDOWS\System32\msvcrt.dll
0x00007ffba3b20000 - 0x00007ffba3b79000 	C:\WINDOWS\System32\sechost.dll
0x00007ffba3b80000 - 0x00007ffba3ca1000 	C:\WINDOWS\System32\RPCRT4.dll
0x00007ffba4180000 - 0x00007ffba42e5000 	C:\WINDOWS\System32\USER32.dll
0x00007ffba39b0000 - 0x00007ffba39ce000 	C:\WINDOWS\System32\win32u.dll
0x00007ffba5e60000 - 0x00007ffba5e94000 	C:\WINDOWS\System32\GDI32.dll
0x00007ffba32e0000 - 0x00007ffba3462000 	C:\WINDOWS\System32\gdi32full.dll
0x00007ffb99810000 - 0x00007ffb99a89000 	C:\WINDOWS\WinSxS\amd64_microsoft.windows.common-controls_6595b64144ccf1df_6.0.14393.447_none_42191651c6827bb3\COMCTL32.dll
0x00007ffba45c0000 - 0x00007ffba4888000 	C:\WINDOWS\System32\combase.dll
0x00007ffba3690000 - 0x00007ffba3785000 	C:\WINDOWS\System32\ucrtbase.dll
0x00007ffba2ae0000 - 0x00007ffba2b4a000 	C:\WINDOWS\System32\bcryptPrimitives.dll
0x00007ffba3dd0000 - 0x00007ffba3dfe000 	C:\WINDOWS\System32\IMM32.DLL
0x000000006b5e0000 - 0x000000006b6b2000 	C:\Program Files\Java\jre1.8.0_111\bin\msvcr100.dll
0x000000006b730000 - 0x000000006bfca000 	C:\Program Files\Java\jre1.8.0_111\bin\server\jvm.dll
0x00007ffba63f0000 - 0x00007ffba63f8000 	C:\WINDOWS\System32\PSAPI.DLL
0x00007ffb981b0000 - 0x00007ffb981b9000 	C:\WINDOWS\SYSTEM32\WSOCK32.dll
0x00007ffba0d60000 - 0x00007ffba0d83000 	C:\WINDOWS\SYSTEM32\WINMM.dll
0x00007ffba6460000 - 0x00007ffba64ca000 	C:\WINDOWS\System32\WS2_32.dll
0x00007ffb9be80000 - 0x00007ffb9be8a000 	C:\WINDOWS\SYSTEM32\VERSION.dll
0x00007ffba0d00000 - 0x00007ffba0d2b000 	C:\WINDOWS\SYSTEM32\WINMMBASE.dll
0x00007ffba3470000 - 0x00007ffba34b2000 	C:\WINDOWS\System32\cfgmgr32.dll
0x000000006caf0000 - 0x000000006caff000 	C:\Program Files\Java\jre1.8.0_111\bin\verify.dll
0x000000006cac0000 - 0x000000006cae9000 	C:\Program Files\Java\jre1.8.0_111\bin\java.dll
0x000000006caa0000 - 0x000000006cab6000 	C:\Program Files\Java\jre1.8.0_111\bin\zip.dll
0x00007ffba4890000 - 0x00007ffba5d99000 	C:\WINDOWS\System32\SHELL32.dll
0x00007ffba2b50000 - 0x00007ffba322a000 	C:\WINDOWS\System32\windows.storage.dll
0x00007ffba2970000 - 0x00007ffba29bc000 	C:\WINDOWS\System32\powrprof.dll
0x00007ffba6400000 - 0x00007ffba6452000 	C:\WINDOWS\System32\shlwapi.dll
0x00007ffba29c0000 - 0x00007ffba29cf000 	C:\WINDOWS\System32\kernel.appcore.dll
0x00007ffba3230000 - 0x00007ffba32d9000 	C:\WINDOWS\System32\shcore.dll
0x00007ffba2950000 - 0x00007ffba2964000 	C:\WINDOWS\System32\profapi.dll
0x00007ffba2420000 - 0x00007ffba2437000 	C:\WINDOWS\SYSTEM32\CRYPTSP.dll
0x00007ffba1e90000 - 0x00007ffba1ec3000 	C:\WINDOWS\system32\rsaenh.dll
0x00007ffba2530000 - 0x00007ffba255b000 	C:\WINDOWS\SYSTEM32\bcrypt.dll
0x00007ffba2100000 - 0x00007ffba211f000 	C:\WINDOWS\SYSTEM32\USERENV.dll
0x00007ffba2440000 - 0x00007ffba244b000 	C:\WINDOWS\SYSTEM32\CRYPTBASE.dll
0x000000006b710000 - 0x000000006b72a000 	C:\Program Files\Java\jre1.8.0_111\bin\net.dll
0x00007ffba2280000 - 0x00007ffba22dc000 	C:\WINDOWS\system32\mswsock.dll
0x00007ffba2010000 - 0x00007ffba2048000 	C:\WINDOWS\SYSTEM32\IPHLPAPI.DLL
0x00007ffba4450000 - 0x00007ffba4458000 	C:\WINDOWS\System32\NSI.dll
0x00007ffb9db30000 - 0x00007ffb9db46000 	C:\WINDOWS\SYSTEM32\dhcpcsvc6.DLL
0x00007ffb9ee60000 - 0x00007ffb9ee7a000 	C:\WINDOWS\SYSTEM32\dhcpcsvc.DLL
0x000000006b6f0000 - 0x000000006b701000 	C:\Program Files\Java\jre1.8.0_111\bin\nio.dll
0x00007ffb87750000 - 0x00007ffb87810000 	C:\Users\Josh\AppData\Local\Temp\NetworkTablesJNI8220006953967509157.dll
0x00007ffb94690000 - 0x00007ffb94822000 	C:\WINDOWS\SYSTEM32\dbghelp.dll

VM Arguments:
jvm_args: -Dfile.encoding=Cp1252 
java_command: application.Run
java_class_path (initial): C:\Users\Josh\git\RobotStateDisplay\RobotDisplay\bin;C:\Users\Josh\wpilib\java\current\lib\NetworkTables.jar;C:\Users\Josh\wpilib\java\current\lib\WPILib.jar;C:\Users\Josh\wpilib\java\current\lib\cscore.jar;C:\Users\Josh\wpilib\java\current\lib\opencv.jar;C:\Users\Josh\wpilib\java\current\lib\NetworkTables-sources.jar;C:\Users\Josh\git\RobotStateDisplay\RobotDisplay\libs\NetworkTables-3.0.0-20160125.000943-1-desktop.jar;C:\Users\Josh\git\Ohm\Ohm\bin;C:\Users\Josh\git\Ohm\Ohm\lib\navx_frc.jar;C:\Users\Josh\git\Ohm\Ohm\lib\TalonSRXLibJava.jar;C:\Users\Josh\git\Ohm\Ohm\lib\Pathfinder-Java.jar;C:\Users\Josh\wpilib\user\java\lib\TalonSRXLibJava.jar;C:\Users\Josh\git\RobotStateDisplay\RobotDisplay\libs\slick\lib\slick.jar
Launcher Type: SUN_STANDARD

Environment Variables:
JAVA_HOME=C:\Program Files\Java\jdk1.8.0_111
PATH=C:/Program Files/Java/jre1.8.0_111/bin/server;C:/Program Files/Java/jre1.8.0_111/bin;C:/Program Files/Java/jre1.8.0_111/lib/amd64;C:\Program Files\Java\jdk1.8.0_111\bin;C:\ProgramData\Oracle\Java\javapath;C:\WINDOWS\system32;C:\WINDOWS;C:\WINDOWS\System32\Wbem;C:\WINDOWS\System32\WindowsPowerShell\v1.0\;C:\Program Files (x86)\Skype\Phone\;C:\Program Files\Git\cmd;C:\Program Files (x86)\NVIDIA Corporation\PhysX\Common;C:\Users\Josh\AppData\Local\Microsoft\WindowsApps;;C:\WINDOWS\system32;
USERNAME=Josh
OS=Windows_NT
PROCESSOR_IDENTIFIER=Intel64 Family 6 Model 60 Stepping 3, GenuineIntel



---------------  S Y S T E M  ---------------

OS: Windows 10.0 , 64 bit Build 14393 (10.0.14393.0)

CPU:total 4 (2 cores per cpu, 2 threads per core) family 6 model 60 stepping 3, cmov, cx8, fxsr, mmx, sse, sse2, sse3, ssse3, sse4.1, sse4.2, popcnt, avx, avx2, aes, clmul, erms, lzcnt, ht, tsc, tscinvbit, bmi1, bmi2

Memory: 4k page, physical 8270904k(3949932k free), swap 11592084k(4483424k free)

vm_info: Java HotSpot(TM) 64-Bit Server VM (25.111-b14) for windows-amd64 JRE (1.8.0_111-b14), built on Sep 22 2016 19:24:05 by "java_re" with MS VC++ 10.0 (VS2010)

time: Thu Feb 16 18:52:09 2017
elapsed time: 0 seconds (0d 0h 0m 0s)

